Copyright 1986-2022 Xilinx, Inc. All Rights Reserved. Copyright 2022-2025 Advanced Micro Devices, Inc. All Rights Reserved.
--------------------------------------------------------------------------------------------------------------------------------------------------
| Tool Version      : Vivado v.2025.2 (lin64) Build 6299465 Fri Nov 14 12:34:56 MST 2025
| Date              : Thu Apr 23 00:19:29 2026
| Host              : jotshawlinux-Legion running 64-bit Ubuntu 24.04.4 LTS
| Command           : report_timing_summary -file rope_engine_timing.rpt
| Design            : rope_engine
| Device            : xczu7ev-ffvc1156
| Speed File        : -2  PRODUCTION 1.30 05-15-2022
| Design State      : Routed
| Temperature Grade : E
--------------------------------------------------------------------------------------------------------------------------------------------------

Timing Summary Report

------------------------------------------------------------------------------------------------
| Timer Settings
| --------------
------------------------------------------------------------------------------------------------

  Enable Multi Corner Analysis               :  Yes
  Enable Pessimism Removal                   :  Yes
  Pessimism Removal Resolution               :  Nearest Common Node
  Enable Input Delay Default Clock           :  No
  Enable Preset / Clear Arcs                 :  No
  Disable Flight Delays                      :  No
  Ignore I/O Paths                           :  No
  Timing Early Launch at Borrowing Latches   :  No
  Borrow Time for Max Delay Exceptions       :  Yes
  Merge Timing Exceptions                    :  Yes
  Inter-SLR Compensation                     :  Conservative

  Corner  Analyze    Analyze    
  Name    Max Paths  Min Paths  
  ------  ---------  ---------  
  Slow    Yes        Yes        
  Fast    Yes        Yes        


------------------------------------------------------------------------------------------------
| Report Methodology
| ------------------
------------------------------------------------------------------------------------------------

No report available as report_methodology has not been run prior. Run report_methodology on the current design for the summary of methodology violations.



check_timing report

Table of Contents
-----------------
1. checking no_clock (0)
2. checking constant_clock (0)
3. checking pulse_width_clock (0)
4. checking unconstrained_internal_endpoints (0)
5. checking no_input_delay (0)
6. checking no_output_delay (0)
7. checking multiple_clock (0)
8. checking generated_clocks (0)
9. checking loops (0)
10. checking partial_input_delay (0)
11. checking partial_output_delay (0)
12. checking latch_loops (0)

1. checking no_clock (0)
------------------------
 There are 0 register/latch pins with no clock.


2. checking constant_clock (0)
------------------------------
 There are 0 register/latch pins with constant_clock.


3. checking pulse_width_clock (0)
---------------------------------
 There are 0 register/latch pins which need pulse_width check


4. checking unconstrained_internal_endpoints (0)
------------------------------------------------
 There are 0 pins that are not constrained for maximum delay.

 There are 0 pins that are not constrained for maximum delay due to constant clock.


5. checking no_input_delay (0)
------------------------------
 There are 0 input ports with no input delay specified.

 There are 0 input ports with no input delay but user has a false path constraint.


6. checking no_output_delay (0)
-------------------------------
 There are 0 ports with no output delay specified.

 There are 0 ports with no output delay but user has a false path constraint

 There are 0 ports with no output delay but with a timing clock defined on it or propagating through it


7. checking multiple_clock (0)
------------------------------
 There are 0 register/latch pins with multiple clocks.


8. checking generated_clocks (0)
--------------------------------
 There are 0 generated clocks that are not connected to a clock source.


9. checking loops (0)
---------------------
 There are 0 combinational loops in the design.


10. checking partial_input_delay (0)
------------------------------------
 There are 0 input ports with partial input delay specified.


11. checking partial_output_delay (0)
-------------------------------------
 There are 0 ports with partial output delay specified.


12. checking latch_loops (0)
----------------------------
 There are 0 combinational latch loops in the design through latch input



------------------------------------------------------------------------------------------------
| Design Timing Summary
| ---------------------
------------------------------------------------------------------------------------------------

    WNS(ns)      TNS(ns)  TNS Failing Endpoints  TNS Total Endpoints      WHS(ns)      THS(ns)  THS Failing Endpoints  THS Total Endpoints     WPWS(ns)     TPWS(ns)  TPWS Failing Endpoints  TPWS Total Endpoints  
    -------      -------  ---------------------  -------------------      -------      -------  ---------------------  -------------------     --------     --------  ----------------------  --------------------  
      0.073        0.000                      0                 7285       -0.035       -3.580                    142                 7285        1.020        0.000                       0                   700  


Timing constraints are not met.


------------------------------------------------------------------------------------------------
| Clock Summary
| -------------
------------------------------------------------------------------------------------------------

Clock  Waveform(ns)         Period(ns)      Frequency(MHz)
-----  ------------         ----------      --------------
clk    {0.000 1.563}        3.125           320.000         


------------------------------------------------------------------------------------------------
| Intra Clock Table
| -----------------
------------------------------------------------------------------------------------------------

Clock             WNS(ns)      TNS(ns)  TNS Failing Endpoints  TNS Total Endpoints      WHS(ns)      THS(ns)  THS Failing Endpoints  THS Total Endpoints     WPWS(ns)     TPWS(ns)  TPWS Failing Endpoints  TPWS Total Endpoints  
-----             -------      -------  ---------------------  -------------------      -------      -------  ---------------------  -------------------     --------     --------  ----------------------  --------------------  
clk                 0.073        0.000                      0                 7285       -0.035       -3.580                    142                 7285        1.020        0.000                       0                   700  


------------------------------------------------------------------------------------------------
| Inter Clock Table
| -----------------
------------------------------------------------------------------------------------------------

From Clock    To Clock          WNS(ns)      TNS(ns)  TNS Failing Endpoints  TNS Total Endpoints      WHS(ns)      THS(ns)  THS Failing Endpoints  THS Total Endpoints  
----------    --------          -------      -------  ---------------------  -------------------      -------      -------  ---------------------  -------------------  


------------------------------------------------------------------------------------------------
| Other Path Groups Table
| -----------------------
------------------------------------------------------------------------------------------------

Path Group    From Clock    To Clock          WNS(ns)      TNS(ns)  TNS Failing Endpoints  TNS Total Endpoints      WHS(ns)      THS(ns)  THS Failing Endpoints  THS Total Endpoints  
----------    ----------    --------          -------      -------  ---------------------  -------------------      -------      -------  ---------------------  -------------------  


------------------------------------------------------------------------------------------------
| Timing Details
| --------------
------------------------------------------------------------------------------------------------


---------------------------------------------------------------------------------------------------
From Clock:  clk
  To Clock:  clk

Setup :            0  Failing Endpoints,  Worst Slack        0.073ns,  Total Violation        0.000ns
Hold  :          142  Failing Endpoints,  Worst Slack       -0.035ns,  Total Violation       -3.580ns
PW    :            0  Failing Endpoints,  Worst Slack        1.020ns,  Total Violation        0.000ns
---------------------------------------------------------------------------------------------------


Max Delay Paths
--------------------------------------------------------------------------------------
Slack (MET) :             0.073ns  (required time - arrival time)
  Source:                 u_in_fifo/rd_ptr_reg[3]/C
                            (rising edge-triggered cell FDRE clocked by clk  {rise@0.000ns fall@1.562ns period=3.125ns})
  Destination:            g_lut[0].b0.u_lut/sin_out_reg_0_9/ADDRARDADDR[6]
                            (rising edge-triggered cell RAMB36E2 clocked by clk  {rise@0.000ns fall@1.562ns period=3.125ns})
  Path Group:             clk
  Path Type:              Setup (Max at Slow Process Corner)
  Requirement:            3.125ns  (clk rise@3.125ns - clk rise@0.000ns)
  Data Path Delay:        2.740ns  (logic 0.426ns (15.545%)  route 2.314ns (84.455%))
  Logic Levels:           3  (LUT4=1 LUT6=1 RAMD32=1)
  Clock Path Skew:        0.009ns (DCD - SCD + CPR)
    Destination Clock Delay (DCD):    0.039ns = ( 3.164 - 3.125 ) 
    Source Clock Delay      (SCD):    0.030ns
    Clock Pessimism Removal (CPR):    0.000ns
  Clock Uncertainty:      0.035ns  ((TSJ^2 + TIJ^2)^1/2 + DJ) / 2 + PE
    Total System Jitter     (TSJ):    0.071ns
    Total Input Jitter      (TIJ):    0.000ns
    Discrete Jitter          (DJ):    0.000ns
    Phase Error              (PE):    0.000ns

    Location             Delay type                Incr(ns)  Path(ns)    Netlist Resource(s)
  -------------------------------------------------------------------    -------------------
                         (clock clk rise edge)        0.000     0.000 r  
                                                      0.000     0.000 r  clk (IN)
                         net (fo=763, unset)          0.030     0.030    u_in_fifo/clk
    SLICE_X71Y139        FDRE                                         r  u_in_fifo/rd_ptr_reg[3]/C
  -------------------------------------------------------------------    -------------------
    SLICE_X71Y139        FDRE (Prop_AFF_SLICEM_C_Q)
                                                      0.077     0.107 r  u_in_fifo/rd_ptr_reg[3]/Q
                         net (fo=146, routed)         0.255     0.362    u_in_fifo/mem_reg_0_31_126_139/ADDRB3
    SLICE_X73Y141        RAMD32 (Prop_B5LUT_SLICEM_RADR3_O)
                                                      0.103     0.465 f  u_in_fifo/mem_reg_0_31_126_139/RAMB/O
                         net (fo=18, routed)          0.276     0.742    u_in_fifo/o_data[112]
    SLICE_X70Y139        LUT6 (Prop_G6LUT_SLICEM_I2_O)
                                                      0.123     0.865 r  u_in_fifo/cos_out_reg_0_0_i_23/O
                         net (fo=20, routed)          0.261     1.125    u_in_fifo/cos_out_reg_0_0_i_23_n_0
    SLICE_X70Y148        LUT4 (Prop_G6LUT_SLICEM_I0_O)
                                                      0.123     1.248 r  u_in_fifo/sin_out_reg_0_0_i_10__2/O
                         net (fo=16, routed)          1.522     2.770    g_lut[0].b0.u_lut/sin_out_reg_0_15_1[2]
    RAMB36_X1Y14         RAMB36E2                                     r  g_lut[0].b0.u_lut/sin_out_reg_0_9/ADDRARDADDR[6]
  -------------------------------------------------------------------    -------------------

                         (clock clk rise edge)        3.125     3.125 r  
                                                      0.000     3.125 r  clk (IN)
                         net (fo=763, unset)          0.039     3.164    g_lut[0].b0.u_lut/clk
    RAMB36_X1Y14         RAMB36E2                                     r  g_lut[0].b0.u_lut/sin_out_reg_0_9/CLKARDCLK
                         clock pessimism              0.000     3.164    
                         clock uncertainty           -0.035     3.129    
    RAMB36_X1Y14         RAMB36E2 (Setup_RAMB36E2_RAMB36_CLKARDCLK_ADDRARDADDR[6])
                                                     -0.285     2.844    g_lut[0].b0.u_lut/sin_out_reg_0_9
  -------------------------------------------------------------------
                         required time                          2.844    
                         arrival time                          -2.770    
  -------------------------------------------------------------------
                         slack                                  0.073    





Min Delay Paths
--------------------------------------------------------------------------------------
Slack (VIOLATED) :        -0.035ns  (arrival time - required time)
  Source:                 s_data[2]
                            (input port clocked by clk  {rise@0.000ns fall@1.562ns period=3.125ns})
  Destination:            u_in_fifo/mem_reg_0_31_0_13/RAMB/I
                            (rising edge-triggered cell RAMD32 clocked by clk  {rise@0.000ns fall@1.562ns period=3.125ns})
  Path Group:             clk
  Path Type:              Hold (Min at Slow Process Corner)
  Requirement:            0.000ns  (clk rise@0.000ns - clk rise@0.000ns)
  Data Path Delay:        0.000ns  (logic 0.000ns (0.000%)  route 0.000ns (0.000%))
  Logic Levels:           0  
  Input Delay:            0.100ns
  Clock Path Skew:        0.057ns (DCD - SCD - CPR)
    Destination Clock Delay (DCD):    0.057ns
    Source Clock Delay      (SCD):    0.000ns
    Clock Pessimism Removal (CPR):    -0.000ns

    Location             Delay type                Incr(ns)  Path(ns)    Netlist Resource(s)
  -------------------------------------------------------------------    -------------------
                         (clock clk rise edge)        0.000     0.000 r  
                         input delay                  0.100     0.100    
                                                      0.000     0.100 r  s_data[2] (IN)
                         net (fo=0)                   0.000     0.100    u_in_fifo/mem_reg_0_31_0_13/DIB0
    SLICE_X73Y121        RAMD32                                       r  u_in_fifo/mem_reg_0_31_0_13/RAMB/I
  -------------------------------------------------------------------    -------------------

                         (clock clk rise edge)        0.000     0.000 r  
                                                      0.000     0.000 r  clk (IN)
                         net (fo=763, unset)          0.057     0.057    u_in_fifo/mem_reg_0_31_0_13/WCLK
    SLICE_X73Y121        RAMD32                                       r  u_in_fifo/mem_reg_0_31_0_13/RAMB/CLK
                         clock pessimism              0.000     0.057    
    SLICE_X73Y121        RAMD32 (Hold_B5LUT_SLICEM_CLK_I)
                                                      0.078     0.135    u_in_fifo/mem_reg_0_31_0_13/RAMB
  -------------------------------------------------------------------
                         required time                         -0.135    
                         arrival time                           0.100    
  -------------------------------------------------------------------
                         slack                                 -0.035    





Pulse Width Checks
--------------------------------------------------------------------------------------
Clock Name:         clk
Waveform(ns):       { 0.000 1.562 }
Period(ns):         3.125
Sources:            { clk }

Check Type        Corner  Lib Pin             Reference Pin  Required(ns)  Actual(ns)  Slack(ns)  Location      Pin
Min Period        n/a     RAMB36E2/CLKARDCLK  n/a            1.355         3.125       1.770      RAMB36_X2Y24  g_lut[0].b0.u_lut/cos_out_reg_0_0/CLKARDCLK
Low Pulse Width   Slow    RAMB36E2/CLKARDCLK  n/a            0.542         1.562       1.020      RAMB36_X2Y24  g_lut[0].b0.u_lut/cos_out_reg_0_0/CLKARDCLK
High Pulse Width  Slow    RAMB36E2/CLKARDCLK  n/a            0.542         1.563       1.021      RAMB36_X2Y24  g_lut[0].b0.u_lut/cos_out_reg_0_0/CLKARDCLK



